<?xml version="1.0" encoding="UTF-8"?>
<testng-results skipped="0" failed="1" ignored="0" total="1" passed="0">
  <reporter-output>
  </reporter-output>
  <suite name="Default suite" duration-ms="15548" started-at="2019-12-29T15:20:27 EST" finished-at="2019-12-29T15:20:42 EST">
    <groups>
    </groups>
    <test name="Default test" duration-ms="15548" started-at="2019-12-29T15:20:27 EST" finished-at="2019-12-29T15:20:42 EST">
      <class name="com.noorteck.qa.tests.CampaingsPageTest">
        <test-method status="PASS" signature="setUp()[pri:0, instance:com.noorteck.qa.tests.CampaingsPageTest@7494e528]" name="setUp" is-config="true" duration-ms="12497" started-at="2019-12-29T15:20:27 EST" finished-at="2019-12-29T15:20:39 EST">
          <reporter-output>
          </reporter-output>
        </test-method> <!-- setUp -->
        <test-method status="FAIL" signature="campaingsPageHeaderTest()[pri:1, instance:com.noorteck.qa.tests.CampaingsPageTest@7494e528]" name="campaingsPageHeaderTest" duration-ms="6" started-at="2019-12-29T15:20:39 EST" finished-at="2019-12-29T15:20:39 EST">
          <exception class="java.lang.NullPointerException">
            <full-stacktrace>
              <![CDATA[java.lang.NullPointerException
at com.noorteck.qa.utilities.CommonUI.isDisplayed(CommonUI.java:84)
at com.noorteck.qa.utilities.CommonUI.click(CommonUI.java:101)
at com.noorteck.qa.pages.CampaingsPage.clickCampaingsLink(CampaingsPage.java:77)
at com.noorteck.qa.tests.CampaingsPageTest.campaingsPageHeaderTest(CampaingsPageTest.java:14)
at sun.reflect.NativeMethodAccessorImpl.invoke0(Native Method)
at sun.reflect.NativeMethodAccessorImpl.invoke(Unknown Source)
at sun.reflect.DelegatingMethodAccessorImpl.invoke(Unknown Source)
at java.lang.reflect.Method.invoke(Unknown Source)
at org.testng.internal.MethodInvocationHelper.invokeMethod(MethodInvocationHelper.java:133)
at org.testng.internal.TestInvoker.invokeMethod(TestInvoker.java:584)
at org.testng.internal.TestInvoker.invokeTestMethod(TestInvoker.java:172)
at org.testng.internal.MethodRunner.runInSequence(MethodRunner.java:46)
at org.testng.internal.TestInvoker$MethodInvocationAgent.invoke(TestInvoker.java:804)
at org.testng.internal.TestInvoker.invokeTestMethods(TestInvoker.java:145)
at org.testng.internal.TestMethodWorker.invokeTestMethods(TestMethodWorker.java:146)
at org.testng.internal.TestMethodWorker.run(TestMethodWorker.java:128)
at java.util.ArrayList.forEach(Unknown Source)
at org.testng.TestRunner.privateRun(TestRunner.java:770)
at org.testng.TestRunner.run(TestRunner.java:591)
at org.testng.SuiteRunner.runTest(SuiteRunner.java:402)
at org.testng.SuiteRunner.runSequentially(SuiteRunner.java:396)
at org.testng.SuiteRunner.privateRun(SuiteRunner.java:355)
at org.testng.SuiteRunner.run(SuiteRunner.java:304)
at org.testng.SuiteRunnerWorker.runSuite(SuiteRunnerWorker.java:53)
at org.testng.SuiteRunnerWorker.run(SuiteRunnerWorker.java:96)
at org.testng.TestNG.runSuitesSequentially(TestNG.java:1180)
at org.testng.TestNG.runSuitesLocally(TestNG.java:1102)
at org.testng.TestNG.runSuites(TestNG.java:1032)
at org.testng.TestNG.run(TestNG.java:1000)
at org.testng.remote.AbstractRemoteTestNG.run(AbstractRemoteTestNG.java:115)
at org.testng.remote.RemoteTestNG.initAndRun(RemoteTestNG.java:251)
at org.testng.remote.RemoteTestNG.main(RemoteTestNG.java:77)
]]>
            </full-stacktrace>
          </exception> <!-- java.lang.NullPointerException -->
          <reporter-output>
          </reporter-output>
        </test-method> <!-- campaingsPageHeaderTest -->
        <test-method status="PASS" signature="tearDown()[pri:0, instance:com.noorteck.qa.tests.CampaingsPageTest@7494e528]" name="tearDown" is-config="true" duration-ms="3001" started-at="2019-12-29T15:20:39 EST" finished-at="2019-12-29T15:20:42 EST">
          <reporter-output>
          </reporter-output>
        </test-method> <!-- tearDown -->
      </class> <!-- com.noorteck.qa.tests.CampaingsPageTest -->
    </test> <!-- Default test -->
  </suite> <!-- Default suite -->
</testng-results>
